<?xml version="1.0" encoding="UTF-8"?>
<!-- Generated by org.testng.reporters.JUnitReportReporter -->
<testsuite hostname="DESKTOP-E69K95O" name="sauceDemoTests.loginDataTest" tests="5" failures="0" timestamp="10 May 2022 00:55:28 GMT" time="21.974" errors="0">
  <testcase name="LoginTest" time="2.379" classname="sauceDemoTests.loginDataTest"/>
  <testcase name="LoginTest" time="7.397" classname="sauceDemoTests.loginDataTest"/>
  <testcase name="LoginTest" time="2.350" classname="sauceDemoTests.loginDataTest"/>
  <testcase name="LoginTest" time="2.421" classname="sauceDemoTests.loginDataTest"/>
  <testcase name="LoginTest" time="7.427" classname="sauceDemoTests.loginDataTest"/>
</testsuite> <!-- sauceDemoTests.loginDataTest -->
