<?xml version="1.0" encoding="UTF-8"?>
<!-- Generated by org.testng.reporters.JUnitReportReporter -->
<testsuite hostname="DESKTOP-E69K95O" name="sauceDemoTests.chekcoutEndtoEnd" tests="1" failures="0" timestamp="27 Apr 2022 22:27:27 GMT" time="7.049" errors="0">
  <testcase name="checkOut" time="7.049" classname="sauceDemoTests.chekcoutEndtoEnd"/>
</testsuite> <!-- sauceDemoTests.chekcoutEndtoEnd -->
