<?xml version="1.0" encoding="UTF-8"?>
<!-- Generated by org.testng.reporters.JUnitReportReporter -->
<testsuite hostname="DESKTOP-E69K95O" name="sauceDemoTests.loginTest" tests="2" failures="0" timestamp="27 Apr 2022 22:27:27 GMT" time="4.951" errors="0">
  <testcase name="invalidLogin" time="2.523" classname="sauceDemoTests.loginTest"/>
  <testcase name="validLogin" time="2.428" classname="sauceDemoTests.loginTest"/>
</testsuite> <!-- sauceDemoTests.loginTest -->
