<?xml version="1.0" encoding="UTF-8"?>
<!-- Generated by org.testng.reporters.JUnitReportReporter -->
<testsuite hostname="DESKTOP-E69K95O" name="appTestScripts.newUserSignUpTest" tests="1" failures="0" timestamp="9 May 2022 23:51:08 GMT" time="6.317" errors="0">
  <testcase name="signupTest" time="6.317" classname="appTestScripts.newUserSignUpTest"/>
</testsuite> <!-- appTestScripts.newUserSignUpTest -->
