<?xml version="1.0" encoding="UTF-8"?>
<!-- Generated by org.testng.reporters.JUnitReportReporter -->
<testsuite hostname="DESKTOP-E69K95O" name="appTestScripts.newUserSignUpTest" tests="1" failures="0" timestamp="11 May 2022 23:13:26 GMT" time="0.321" errors="0">
  <testcase name="signupTest" time="0.321" classname="appTestScripts.newUserSignUpTest"/>
</testsuite> <!-- appTestScripts.newUserSignUpTest -->
