<?xml version="1.0" encoding="UTF-8"?>
<!-- Generated by org.testng.reporters.JUnitReportReporter -->
<testsuite hostname="DESKTOP-E69K95O" name="appTestScripts.NewClass" tests="3" failures="0" timestamp="23 May 2022 22:50:46 GMT" time="0.009" errors="0">
  <testcase name="testFour" time="0.008" classname="appTestScripts.NewClass"/>
  <testcase name="testTwo" time="0.000" classname="appTestScripts.NewClass"/>
  <testcase name="testOne" time="0.001" classname="appTestScripts.NewClass"/>
</testsuite> <!-- appTestScripts.NewClass -->
