<?xml version="1.0" encoding="UTF-8"?>
<!-- Generated by org.testng.reporters.JUnitReportReporter -->
<testsuite hostname="DESKTOP-E69K95O" name="appTestScripts.PerformanceGlitchUser" tests="1" failures="0" timestamp="11 May 2022 23:35:03 GMT" time="5.633" errors="0">
  <testcase name="performanceGlitchUserLogin" time="5.633" classname="appTestScripts.PerformanceGlitchUser"/>
</testsuite> <!-- appTestScripts.PerformanceGlitchUser -->
