<?xml version="1.0" encoding="UTF-8"?>
<!-- Generated by org.testng.reporters.JUnitReportReporter -->
<testsuite hostname="DESKTOP-E69K95O" name="appTestScripts.StandardUser" tests="3" failures="0" timestamp="12 May 2022 01:16:49 GMT" time="2.771" errors="0">
  <testcase name="standardUserLogin" time="0.856" classname="appTestScripts.StandardUser"/>
  <testcase name="standardUserLogin" time="0.932" classname="appTestScripts.StandardUser"/>
  <testcase name="standardUserLogin" time="0.983" classname="appTestScripts.StandardUser"/>
</testsuite> <!-- appTestScripts.StandardUser -->
