<?xml version="1.0" encoding="UTF-8"?>
<!-- Generated by org.testng.reporters.JUnitReportReporter -->
<testsuite hostname="DESKTOP-E69K95O" name="appTestScripts.LearningAnnotations" tests="1" failures="0" timestamp="11 May 2022 23:00:36 GMT" time="0.003" errors="0">
  <testcase name="testMethod" time="0.003" classname="appTestScripts.LearningAnnotations"/>
</testsuite> <!-- appTestScripts.LearningAnnotations -->
