<?xml version="1.0" encoding="UTF-8"?>
<!-- Generated by org.testng.reporters.JUnitReportReporter -->
<testsuite hostname="DESKTOP-E69K95O" name="appTestScripts.ProblemUser" tests="1" failures="0" timestamp="12 May 2022 01:04:08 GMT" time="0.524" errors="0">
  <testcase name="problemUserLogin" time="0.524" classname="appTestScripts.ProblemUser"/>
</testsuite> <!-- appTestScripts.ProblemUser -->
