<?xml version="1.0" encoding="UTF-8"?>
<!-- Generated by org.testng.reporters.JUnitReportReporter -->
<testsuite hostname="DESKTOP-E69K95O" name="appTestScripts.LockedOutUser" tests="1" failures="0" timestamp="11 May 2022 23:35:03 GMT" time="0.466" errors="0">
  <testcase name="lockedOutUserLogin" time="0.466" classname="appTestScripts.LockedOutUser"/>
</testsuite> <!-- appTestScripts.LockedOutUser -->
